<?xml version="1.0" encoding="UTF-8"?>
<testsuite xmlns:xsi="http://www.w3.org/2001/XMLSchema-instance" xsi:noNamespaceSchemaLocation="https://maven.apache.org/surefire/maven-surefire-plugin/xsd/surefire-test-report-3.0.xsd" version="3.0" name="TestAuctionException" time="0.063" tests="2" errors="0" skipped="0" failures="0">
  <properties>
[...]
</properties>
  <testcase name="testAuctionTimeLogic" classname="TestAuctionException" time="0.036">
    <system-out><![CDATA[✅ Test Auction Time Logic (End before Start): PASS
]]></system-out>
  </testcase>
  <testcase name="testInvalidBidException" classname="TestAuctionException" time="0.005">
    <system-out><![CDATA[✅ Test InvalidBidException: PASS
]]></system-out>
  </testcase>
</testsuite>